<?xml version="1.0" encoding="UTF-8"?>
<!-- Generated by org.testng.reporters.JUnitReportReporter -->
<testsuite skipped="0" hostname="Alinka" name="testCases.ReadAllProducts" tests="1" failures="0" timestamp="11 Dec 2022 18:58:49 GMT" time="2.247" errors="0">
  <testcase name="readAllProducts" time="2.247" classname="testCases.ReadAllProducts"/>
</testsuite> <!-- testCases.ReadAllProducts -->
