<?xml version="1.0" encoding="UTF-8"?>
<!-- Generated by org.testng.reporters.JUnitReportReporter -->
<testsuite skipped="0" hostname="Alinka" name="testng.LoginTest" tests="1" failures="0" timestamp="12 Dec 2022 22:11:25 GMT" time="5.623" errors="0">
  <testcase name="loginTest" time="5.623" classname="testng.LoginTest"/>
</testsuite> <!-- testng.LoginTest -->
